<?xml version="1.0" encoding="UTF-8"?>
<!-- Generated by org.testng.reporters.JUnitReportReporter -->
<testsuite skipped="0" hostname="Arvind-PC" name="PracticeTF" tests="2" failures="0" timestamp="02 Feb 2019 09:43:34 GMT" time="0.013" errors="0">
  <testcase name="testCase2" time="0.003" classname="PracticeTF"/>
  <testcase name="testCase1" time="0.010" classname="PracticeTF"/>
</testsuite> <!-- PracticeTF -->
